[debug] ----------------------------------------------------------------------
[debug] Command:      /usr/local/bin/node /usr/local/bin/firebase deploy
[debug] CLI Version:  3.6.1
[debug] Platform:     darwin
[debug] Node Version: v7.8.0
[debug] Time:         Sun Apr 30 2017 18:35:49 GMT+0200 (CEST)
[debug] ----------------------------------------------------------------------
[debug] 
[debug] > command requires scopes: ["email","openid","https://www.googleapis.com/auth/cloudplatformprojects.readonly","https://www.googleapis.com/auth/firebase","https://www.googleapis.com/auth/cloud-platform"]
[debug] >>> HTTP REQUEST GET https://admin.firebase.com/v1/projects/test-deploy-49c10  
 Sun Apr 30 2017 18:35:49 GMT+0200 (CEST)
[debug] <<< HTTP RESPONSE 200
[debug] >>> HTTP REQUEST GET https://admin.firebase.com/v1/database/test-deploy-49c10/tokens  
 Sun Apr 30 2017 18:35:50 GMT+0200 (CEST)
[debug] <<< HTTP RESPONSE 200
[info] 
[info] === Deploying to 'test-deploy-49c10'...
[info] 
[info] i  deploying database, hosting
[info] ✔  database: rules ready to deploy.
[info] i  hosting: preparing public directory for upload...
[debug] >>> HTTP REQUEST PUT https://deploy.firebase.com/v1/hosting/test-deploy-49c10/uploads/-KizhzIUKfq5AFUElC34?fileCount=3&message=  
 Sun Apr 30 2017 18:35:55 GMT+0200 (CEST)
